<?xml version="1.0" encoding="UTF-8"?>
<testng-results ignored="0" total="2" passed="2" failed="0" skipped="0">
  <reporter-output>
  </reporter-output>
  <suite started-at="2024-01-16T16:07:11 PKT" name="SAMA Portal Test Suites" finished-at="2024-01-16T16:07:25 PKT" duration-ms="13542">
    <groups>
    </groups>
    <test started-at="2024-01-16T16:07:11 PKT" name="DMP Test" finished-at="2024-01-16T16:07:25 PKT" duration-ms="13542">
      <class name="Tests.LoginTest">
        <test-method is-config="true" signature="reportSetUp()[pri:0, instance:Tests.LoginTest@66d3eec0]" started-at="2024-01-16T16:07:11 PKT" name="reportSetUp" finished-at="2024-01-16T16:07:11 PKT" duration-ms="251" status="PASS">
          <reporter-output>
          </reporter-output>
        </test-method> <!-- reportSetUp -->
        <test-method is-config="true" signature="drivers()[pri:0, instance:Tests.LoginTest@66d3eec0]" started-at="2024-01-16T16:07:11 PKT" name="drivers" finished-at="2024-01-16T16:07:15 PKT" duration-ms="3999" status="PASS">
          <reporter-output>
          </reporter-output>
        </test-method> <!-- drivers -->
        <test-method signature="DMPLoginTest()[pri:1, instance:Tests.LoginTest@66d3eec0]" started-at="2024-01-16T16:07:15 PKT" name="DMPLoginTest" finished-at="2024-01-16T16:07:24 PKT" duration-ms="8769" status="PASS">
          <reporter-output>
          </reporter-output>
        </test-method> <!-- DMPLoginTest -->
        <test-method is-config="true" signature="takeFailureScreenShot(org.testng.ITestResult)[pri:0, instance:Tests.LoginTest@66d3eec0]" started-at="2024-01-16T16:07:24 PKT" name="takeFailureScreenShot" finished-at="2024-01-16T16:07:24 PKT" duration-ms="0" status="PASS">
          <params>
            <param index="0">
              <value>
                <![CDATA[[TestResult name=DMPLoginTest status=SUCCESS method=LoginTest.DMPLoginTest()[pri:1, instance:Tests.LoginTest@66d3eec0] output={null}]]]>
              </value>
            </param>
          </params>
          <reporter-output>
          </reporter-output>
        </test-method> <!-- takeFailureScreenShot -->
        <test-method signature="DMPLogOutTest()[pri:2, instance:Tests.LoginTest@66d3eec0]" started-at="2024-01-16T16:07:24 PKT" name="DMPLogOutTest" finished-at="2024-01-16T16:07:24 PKT" duration-ms="231" status="PASS">
          <reporter-output>
          </reporter-output>
        </test-method> <!-- DMPLogOutTest -->
        <test-method is-config="true" signature="takeFailureScreenShot(org.testng.ITestResult)[pri:0, instance:Tests.LoginTest@66d3eec0]" started-at="2024-01-16T16:07:24 PKT" name="takeFailureScreenShot" finished-at="2024-01-16T16:07:24 PKT" duration-ms="0" status="PASS">
          <params>
            <param index="0">
              <value>
                <![CDATA[[TestResult name=DMPLogOutTest status=SUCCESS method=LoginTest.DMPLogOutTest()[pri:2, instance:Tests.LoginTest@66d3eec0] output={null}]]]>
              </value>
            </param>
          </params>
          <reporter-output>
          </reporter-output>
        </test-method> <!-- takeFailureScreenShot -->
        <test-method is-config="true" signature="reportTearDown()[pri:0, instance:Tests.LoginTest@66d3eec0]" started-at="2024-01-16T16:07:24 PKT" name="reportTearDown" finished-at="2024-01-16T16:07:25 PKT" duration-ms="526" status="PASS">
          <reporter-output>
          </reporter-output>
        </test-method> <!-- reportTearDown -->
      </class> <!-- Tests.LoginTest -->
    </test> <!-- DMP Test -->
  </suite> <!-- SAMA Portal Test Suites -->
</testng-results>
